STAYKING @ 1544 | 3 VALS
GAIA   @ 2377 | 1 VALS

LIST-HOST-ZONES STAYKING
host_zone:
- address: sooho1p5xl324gtgcafuezs3ds4xdgmmnglhlkux0wmkmklfr9zrk69a7q6y27ck
  bech32prefix: cosmos
  blacklisted_validators: []
  chain_id: gaia-localnet
  connection_id: connection-0
  delegation_account:
    address: cosmos1j7y54a7ksgjt4pqy9pus3hr2k55tqdl7m526w0n0als2599vzxhq00hzh6
    delegations: []
    target: DELEGATION
  fee_account:
    address: cosmos1mu8xn8rg4pjzkyudlap36my0frdlaldrl0j7z28zrzwq252us22qhr87g4
    delegations: []
    target: FEE
  host_denom: uatom
  ibc_denom: ibc/27394FB092D2ECCD56123C74F36E4C1F926001CEADA9CA97EA622B25F41E5EB2
  last_redemption_rate: "1.012338036363636364"
  redemption_account:
    address: cosmos1gnr024jjhq0ds7vzya2863u2a4ukr0ejmv7sk0c6vn0kxwylw9xqpn2ajg
    delegations: []
    target: REDEMPTION
  redemption_rate: "1.021681245454545455"
  staked_bal: "112384937"
  transfer_channel_id: channel-0
  unbonding_frequency: "1"
  validators:
  - address: cosmosvaloper1uk4ze0x4nvh4fk0xm4jdud58eqn4yxhrdt795p
    commission_rate: "10"
    delegation_amt: "112384937"
    internal_exchange_rate: null
    name: gval1
    status: ACTIVE
    weight: "10"
  withdrawal_account:
    address: cosmos1rrjjhjtskd2zqfcjfzgr58dtcvv5rlxa453yg3l4ls8p5suyz5tqmf992d
    delegations: []
    target: WITHDRAWAL
pagination:
  next_key: null
  total: "0"

LIST-DEPOSIT-RECORDS
deposit_record:
- amount: "0"
  denom: uatom
  deposit_epoch_number: "25"
  host_zone_id: gaia-localnet
  id: "27"
  source: STAYKING
  status: TRANSFER_QUEUE
pagination:
  next_key: null
  total: "0"

LIST-EPOCH-UNBONDING-RECORDS
epoch_unbonding_record:
- epoch_number: "1"
  host_zone_unbondings:
  - denom: uatom
    host_zone_id: gaia-localnet
    native_token_amount: "0"
    st_token_amount: "0"
    status: UNBONDING_QUEUE
    unbonding_time: "0"
    user_redemption_records: []
- epoch_number: "2"
  host_zone_unbondings:
  - denom: uatom
    host_zone_id: gaia-localnet
    native_token_amount: "0"
    st_token_amount: "0"
    status: UNBONDING_QUEUE
    unbonding_time: "0"
    user_redemption_records: []
- epoch_number: "3"
  host_zone_unbondings:
  - denom: uatom
    host_zone_id: gaia-localnet
    native_token_amount: "0"
    st_token_amount: "0"
    status: UNBONDING_QUEUE
    unbonding_time: "0"
    user_redemption_records: []
- epoch_number: "4"
  host_zone_unbondings:
  - denom: uatom
    host_zone_id: gaia-localnet
    native_token_amount: "0"
    st_token_amount: "0"
    status: UNBONDING_QUEUE
    unbonding_time: "0"
    user_redemption_records: []
- epoch_number: "5"
  host_zone_unbondings:
  - denom: uatom
    host_zone_id: gaia-localnet
    native_token_amount: "0"
    st_token_amount: "0"
    status: UNBONDING_QUEUE
    unbonding_time: "0"
    user_redemption_records: []
- epoch_number: "6"
  host_zone_unbondings:
  - denom: uatom
    host_zone_id: gaia-localnet
    native_token_amount: "0"
    st_token_amount: "0"
    status: UNBONDING_QUEUE
    unbonding_time: "0"
    user_redemption_records: []
- epoch_number: "7"
  host_zone_unbondings:
  - denom: uatom
    host_zone_id: gaia-localnet
    native_token_amount: "0"
    st_token_amount: "0"
    status: UNBONDING_QUEUE
    unbonding_time: "0"
    user_redemption_records: []
- epoch_number: "8"
  host_zone_unbondings:
  - denom: uatom
    host_zone_id: gaia-localnet
    native_token_amount: "0"
    st_token_amount: "0"
    status: UNBONDING_QUEUE
    unbonding_time: "0"
    user_redemption_records: []
- epoch_number: "9"
  host_zone_unbondings:
  - denom: uatom
    host_zone_id: gaia-localnet
    native_token_amount: "0"
    st_token_amount: "0"
    status: UNBONDING_QUEUE
    unbonding_time: "0"
    user_redemption_records: []
- epoch_number: "10"
  host_zone_unbondings:
  - denom: uatom
    host_zone_id: gaia-localnet
    native_token_amount: "0"
    st_token_amount: "0"
    status: UNBONDING_QUEUE
    unbonding_time: "0"
    user_redemption_records: []
- epoch_number: "11"
  host_zone_unbondings:
  - denom: uatom
    host_zone_id: gaia-localnet
    native_token_amount: "0"
    st_token_amount: "0"
    status: UNBONDING_QUEUE
    unbonding_time: "0"
    user_redemption_records: []
- epoch_number: "12"
  host_zone_unbondings:
  - denom: uatom
    host_zone_id: gaia-localnet
    native_token_amount: "0"
    st_token_amount: "0"
    status: UNBONDING_QUEUE
    unbonding_time: "0"
    user_redemption_records: []
- epoch_number: "13"
  host_zone_unbondings:
  - denom: uatom
    host_zone_id: gaia-localnet
    native_token_amount: "0"
    st_token_amount: "0"
    status: UNBONDING_QUEUE
    unbonding_time: "0"
    user_redemption_records: []
- epoch_number: "14"
  host_zone_unbondings:
  - denom: uatom
    host_zone_id: gaia-localnet
    native_token_amount: "0"
    st_token_amount: "0"
    status: UNBONDING_QUEUE
    unbonding_time: "0"
    user_redemption_records: []
- epoch_number: "15"
  host_zone_unbondings:
  - denom: uatom
    host_zone_id: gaia-localnet
    native_token_amount: "0"
    st_token_amount: "0"
    status: UNBONDING_QUEUE
    unbonding_time: "0"
    user_redemption_records: []
- epoch_number: "16"
  host_zone_unbondings:
  - denom: uatom
    host_zone_id: gaia-localnet
    native_token_amount: "0"
    st_token_amount: "0"
    status: UNBONDING_QUEUE
    unbonding_time: "0"
    user_redemption_records: []
- epoch_number: "17"
  host_zone_unbondings:
  - denom: uatom
    host_zone_id: gaia-localnet
    native_token_amount: "0"
    st_token_amount: "0"
    status: UNBONDING_QUEUE
    unbonding_time: "0"
    user_redemption_records: []
- epoch_number: "18"
  host_zone_unbondings:
  - denom: uatom
    host_zone_id: gaia-localnet
    native_token_amount: "0"
    st_token_amount: "0"
    status: UNBONDING_QUEUE
    unbonding_time: "0"
    user_redemption_records: []
- epoch_number: "19"
  host_zone_unbondings:
  - denom: uatom
    host_zone_id: gaia-localnet
    native_token_amount: "0"
    st_token_amount: "0"
    status: UNBONDING_QUEUE
    unbonding_time: "0"
    user_redemption_records: []
- epoch_number: "20"
  host_zone_unbondings:
  - denom: uatom
    host_zone_id: gaia-localnet
    native_token_amount: "0"
    st_token_amount: "0"
    status: UNBONDING_QUEUE
    unbonding_time: "0"
    user_redemption_records: []
- epoch_number: "21"
  host_zone_unbondings:
  - denom: uatom
    host_zone_id: gaia-localnet
    native_token_amount: "0"
    st_token_amount: "0"
    status: UNBONDING_QUEUE
    unbonding_time: "0"
    user_redemption_records: []
- epoch_number: "22"
  host_zone_unbondings:
  - denom: uatom
    host_zone_id: gaia-localnet
    native_token_amount: "0"
    st_token_amount: "0"
    status: UNBONDING_QUEUE
    unbonding_time: "0"
    user_redemption_records: []
- epoch_number: "23"
  host_zone_unbondings:
  - denom: uatom
    host_zone_id: gaia-localnet
    native_token_amount: "0"
    st_token_amount: "0"
    status: UNBONDING_QUEUE
    unbonding_time: "0"
    user_redemption_records: []
- epoch_number: "24"
  host_zone_unbondings:
  - denom: uatom
    host_zone_id: gaia-localnet
    native_token_amount: "0"
    st_token_amount: "0"
    status: UNBONDING_QUEUE
    unbonding_time: "0"
    user_redemption_records: []
- epoch_number: "25"
  host_zone_unbondings:
  - denom: uatom
    host_zone_id: gaia-localnet
    native_token_amount: "0"
    st_token_amount: "0"
    status: UNBONDING_QUEUE
    unbonding_time: "0"
    user_redemption_records: []
pagination:
  next_key: null
  total: "0"

LIST-USER-REDEMPTION-RECORDS
pagination:
  next_key: null
  total: "0"
user_redemption_record: []
